
template.elf:     file format elf32-avr


Disassembly of section .text:

00000000 <__vectors>:
   0:	0c 94 34 00 	jmp	0x68	; 0x68 <__ctors_end>
   4:	0c 94 46 00 	jmp	0x8c	; 0x8c <__bad_interrupt>
   8:	0c 94 46 00 	jmp	0x8c	; 0x8c <__bad_interrupt>
   c:	0c 94 46 00 	jmp	0x8c	; 0x8c <__bad_interrupt>
  10:	0c 94 46 00 	jmp	0x8c	; 0x8c <__bad_interrupt>
  14:	0c 94 46 00 	jmp	0x8c	; 0x8c <__bad_interrupt>
  18:	0c 94 46 00 	jmp	0x8c	; 0x8c <__bad_interrupt>
  1c:	0c 94 46 00 	jmp	0x8c	; 0x8c <__bad_interrupt>
  20:	0c 94 46 00 	jmp	0x8c	; 0x8c <__bad_interrupt>
  24:	0c 94 46 00 	jmp	0x8c	; 0x8c <__bad_interrupt>
  28:	0c 94 46 00 	jmp	0x8c	; 0x8c <__bad_interrupt>
  2c:	0c 94 46 00 	jmp	0x8c	; 0x8c <__bad_interrupt>
  30:	0c 94 46 00 	jmp	0x8c	; 0x8c <__bad_interrupt>
  34:	0c 94 46 00 	jmp	0x8c	; 0x8c <__bad_interrupt>
  38:	0c 94 46 00 	jmp	0x8c	; 0x8c <__bad_interrupt>
  3c:	0c 94 46 00 	jmp	0x8c	; 0x8c <__bad_interrupt>
  40:	0c 94 46 00 	jmp	0x8c	; 0x8c <__bad_interrupt>
  44:	0c 94 46 00 	jmp	0x8c	; 0x8c <__bad_interrupt>
  48:	0c 94 5b 00 	jmp	0xb6	; 0xb6 <__vector_18>
  4c:	0c 94 46 00 	jmp	0x8c	; 0x8c <__bad_interrupt>
  50:	0c 94 46 00 	jmp	0x8c	; 0x8c <__bad_interrupt>
  54:	0c 94 46 00 	jmp	0x8c	; 0x8c <__bad_interrupt>
  58:	0c 94 46 00 	jmp	0x8c	; 0x8c <__bad_interrupt>
  5c:	0c 94 46 00 	jmp	0x8c	; 0x8c <__bad_interrupt>
  60:	0c 94 46 00 	jmp	0x8c	; 0x8c <__bad_interrupt>
  64:	0c 94 46 00 	jmp	0x8c	; 0x8c <__bad_interrupt>

00000068 <__ctors_end>:
  68:	11 24       	eor	r1, r1
  6a:	1f be       	out	0x3f, r1	; 63
  6c:	cf ef       	ldi	r28, 0xFF	; 255
  6e:	d8 e0       	ldi	r29, 0x08	; 8
  70:	de bf       	out	0x3e, r29	; 62
  72:	cd bf       	out	0x3d, r28	; 61

00000074 <__do_clear_bss>:
  74:	21 e0       	ldi	r18, 0x01	; 1
  76:	a0 e0       	ldi	r26, 0x00	; 0
  78:	b1 e0       	ldi	r27, 0x01	; 1
  7a:	01 c0       	rjmp	.+2      	; 0x7e <.do_clear_bss_start>

0000007c <.do_clear_bss_loop>:
  7c:	1d 92       	st	X+, r1

0000007e <.do_clear_bss_start>:
  7e:	a2 30       	cpi	r26, 0x02	; 2
  80:	b2 07       	cpc	r27, r18
  82:	e1 f7       	brne	.-8      	; 0x7c <.do_clear_bss_loop>
  84:	0e 94 c7 00 	call	0x18e	; 0x18e <main>
  88:	0c 94 e2 00 	jmp	0x1c4	; 0x1c4 <_exit>

0000008c <__bad_interrupt>:
  8c:	0c 94 00 00 	jmp	0	; 0x0 <__vectors>

00000090 <registerInterrupt>:
  90:	cf 93       	push	r28
  92:	df 93       	push	r29
  94:	00 d0       	rcall	.+0      	; 0x96 <registerInterrupt+0x6>
  96:	cd b7       	in	r28, 0x3d	; 61
  98:	de b7       	in	r29, 0x3e	; 62
  9a:	9a 83       	std	Y+2, r25	; 0x02
  9c:	89 83       	std	Y+1, r24	; 0x01
  9e:	89 81       	ldd	r24, Y+1	; 0x01
  a0:	9a 81       	ldd	r25, Y+2	; 0x02
  a2:	90 93 01 01 	sts	0x0101, r25	; 0x800101 <_edata+0x1>
  a6:	80 93 00 01 	sts	0x0100, r24	; 0x800100 <_edata>
  aa:	00 00       	nop
  ac:	0f 90       	pop	r0
  ae:	0f 90       	pop	r0
  b0:	df 91       	pop	r29
  b2:	cf 91       	pop	r28
  b4:	08 95       	ret

000000b6 <__vector_18>:
  b6:	1f 92       	push	r1
  b8:	0f 92       	push	r0
  ba:	00 90 5f 00 	lds	r0, 0x005F	; 0x80005f <__TEXT_REGION_LENGTH__+0x7e005f>
  be:	0f 92       	push	r0
  c0:	11 24       	eor	r1, r1
  c2:	2f 93       	push	r18
  c4:	3f 93       	push	r19
  c6:	4f 93       	push	r20
  c8:	5f 93       	push	r21
  ca:	6f 93       	push	r22
  cc:	7f 93       	push	r23
  ce:	8f 93       	push	r24
  d0:	9f 93       	push	r25
  d2:	af 93       	push	r26
  d4:	bf 93       	push	r27
  d6:	ef 93       	push	r30
  d8:	ff 93       	push	r31
  da:	cf 93       	push	r28
  dc:	df 93       	push	r29
  de:	cd b7       	in	r28, 0x3d	; 61
  e0:	de b7       	in	r29, 0x3e	; 62
  e2:	80 91 00 01 	lds	r24, 0x0100	; 0x800100 <_edata>
  e6:	90 91 01 01 	lds	r25, 0x0101	; 0x800101 <_edata+0x1>
  ea:	89 2b       	or	r24, r25
  ec:	31 f0       	breq	.+12     	; 0xfa <__vector_18+0x44>
  ee:	80 91 00 01 	lds	r24, 0x0100	; 0x800100 <_edata>
  f2:	90 91 01 01 	lds	r25, 0x0101	; 0x800101 <_edata+0x1>
  f6:	fc 01       	movw	r30, r24
  f8:	09 95       	icall
  fa:	00 00       	nop
  fc:	df 91       	pop	r29
  fe:	cf 91       	pop	r28
 100:	ff 91       	pop	r31
 102:	ef 91       	pop	r30
 104:	bf 91       	pop	r27
 106:	af 91       	pop	r26
 108:	9f 91       	pop	r25
 10a:	8f 91       	pop	r24
 10c:	7f 91       	pop	r23
 10e:	6f 91       	pop	r22
 110:	5f 91       	pop	r21
 112:	4f 91       	pop	r20
 114:	3f 91       	pop	r19
 116:	2f 91       	pop	r18
 118:	0f 90       	pop	r0
 11a:	00 92 5f 00 	sts	0x005F, r0	; 0x80005f <__TEXT_REGION_LENGTH__+0x7e005f>
 11e:	0f 90       	pop	r0
 120:	1f 90       	pop	r1
 122:	18 95       	reti

00000124 <uartInit>:
 124:	cf 93       	push	r28
 126:	df 93       	push	r29
 128:	cd b7       	in	r28, 0x3d	; 61
 12a:	de b7       	in	r29, 0x3e	; 62
 12c:	00 00       	nop
 12e:	df 91       	pop	r29
 130:	cf 91       	pop	r28
 132:	08 95       	ret

00000134 <uartWriteChar>:
 134:	cf 93       	push	r28
 136:	df 93       	push	r29
 138:	1f 92       	push	r1
 13a:	cd b7       	in	r28, 0x3d	; 61
 13c:	de b7       	in	r29, 0x3e	; 62
 13e:	89 83       	std	Y+1, r24	; 0x01
 140:	00 00       	nop
 142:	0f 90       	pop	r0
 144:	df 91       	pop	r29
 146:	cf 91       	pop	r28
 148:	08 95       	ret

0000014a <uartWriteString>:
 14a:	cf 93       	push	r28
 14c:	df 93       	push	r29
 14e:	00 d0       	rcall	.+0      	; 0x150 <uartWriteString+0x6>
 150:	cd b7       	in	r28, 0x3d	; 61
 152:	de b7       	in	r29, 0x3e	; 62
 154:	9a 83       	std	Y+2, r25	; 0x02
 156:	89 83       	std	Y+1, r24	; 0x01
 158:	00 00       	nop
 15a:	0f 90       	pop	r0
 15c:	0f 90       	pop	r0
 15e:	df 91       	pop	r29
 160:	cf 91       	pop	r28
 162:	08 95       	ret

00000164 <uartGetChar>:
 164:	cf 93       	push	r28
 166:	df 93       	push	r29
 168:	cd b7       	in	r28, 0x3d	; 61
 16a:	de b7       	in	r29, 0x3e	; 62
 16c:	80 e0       	ldi	r24, 0x00	; 0
 16e:	df 91       	pop	r29
 170:	cf 91       	pop	r28
 172:	08 95       	ret

00000174 <uartGetCharTimeOut>:
 174:	cf 93       	push	r28
 176:	df 93       	push	r29
 178:	00 d0       	rcall	.+0      	; 0x17a <uartGetCharTimeOut+0x6>
 17a:	cd b7       	in	r28, 0x3d	; 61
 17c:	de b7       	in	r29, 0x3e	; 62
 17e:	9a 83       	std	Y+2, r25	; 0x02
 180:	89 83       	std	Y+1, r24	; 0x01
 182:	80 e0       	ldi	r24, 0x00	; 0
 184:	0f 90       	pop	r0
 186:	0f 90       	pop	r0
 188:	df 91       	pop	r29
 18a:	cf 91       	pop	r28
 18c:	08 95       	ret

0000018e <main>:
 18e:	cf 93       	push	r28
 190:	df 93       	push	r29
 192:	cd b7       	in	r28, 0x3d	; 61
 194:	de b7       	in	r29, 0x3e	; 62
 196:	84 e2       	ldi	r24, 0x24	; 36
 198:	90 e0       	ldi	r25, 0x00	; 0
 19a:	24 e2       	ldi	r18, 0x24	; 36
 19c:	30 e0       	ldi	r19, 0x00	; 0
 19e:	f9 01       	movw	r30, r18
 1a0:	20 81       	ld	r18, Z
 1a2:	20 62       	ori	r18, 0x20	; 32
 1a4:	fc 01       	movw	r30, r24
 1a6:	20 83       	st	Z, r18
 1a8:	85 e2       	ldi	r24, 0x25	; 37
 1aa:	90 e0       	ldi	r25, 0x00	; 0
 1ac:	25 e2       	ldi	r18, 0x25	; 37
 1ae:	30 e0       	ldi	r19, 0x00	; 0
 1b0:	f9 01       	movw	r30, r18
 1b2:	20 81       	ld	r18, Z
 1b4:	20 62       	ori	r18, 0x20	; 32
 1b6:	fc 01       	movw	r30, r24
 1b8:	20 83       	st	Z, r18
 1ba:	80 e0       	ldi	r24, 0x00	; 0
 1bc:	90 e0       	ldi	r25, 0x00	; 0
 1be:	df 91       	pop	r29
 1c0:	cf 91       	pop	r28
 1c2:	08 95       	ret

000001c4 <_exit>:
 1c4:	f8 94       	cli

000001c6 <__stop_program>:
 1c6:	ff cf       	rjmp	.-2      	; 0x1c6 <__stop_program>
